<?xml version="1.0" encoding="UTF-8"?>
<testsuite name="zerobase.weather.Repository.JpaMemoRepositoryTest" tests="1" skipped="0" failures="0" errors="0" timestamp="2023-03-16T05:16:42" hostname="DESKTOP-J8931KQ" time="2.093">
  <properties/>
  <testcase name="findByTest()" classname="zerobase.weather.Repository.JpaMemoRepositoryTest" time="2.093"/>
  <system-out><![CDATA[14:16:15.737 [Test worker] DEBUG org.springframework.boot.test.context.SpringBootTestContextBootstrapper - Neither @ContextConfiguration nor @ContextHierarchy found for test class [JpaMemoRepositoryTest]: using SpringBootContextLoader
14:16:15.769 [Test worker] DEBUG org.springframework.test.context.support.AbstractContextLoader - Could not detect default resource locations for test class [zerobase.weather.Repository.JpaMemoRepositoryTest]: no resource found for suffixes {-context.xml, Context.groovy}.
14:16:15.771 [Test worker] INFO org.springframework.test.context.support.AnnotationConfigContextLoaderUtils - Could not detect default configuration classes for test class [zerobase.weather.Repository.JpaMemoRepositoryTest]: JpaMemoRepositoryTest does not declare any static, non-private, non-final, nested classes annotated with @Configuration.
14:16:15.963 [Test worker] DEBUG org.springframework.boot.test.context.SpringBootTestContextBootstrapper - Using ContextCustomizers for test class [JpaMemoRepositoryTest]: [DisableObservabilityContextCustomizer, PropertyMappingContextCustomizer, Customizer, ExcludeFilterContextCustomizer, DuplicateJsonObjectContextCustomizer, MockitoContextCustomizer, TestRestTemplateContextCustomizer]
14:16:16.447 [Test worker] DEBUG org.springframework.context.annotation.ClassPathScanningCandidateComponentProvider - Identified candidate component class: file [C:\dev\weather\weather\build\classes\java\main\zerobase\weather\WeatherApplication.class]
14:16:16.453 [Test worker] INFO org.springframework.boot.test.context.SpringBootTestContextBootstrapper - Found @SpringBootConfiguration zerobase.weather.WeatherApplication for test class zerobase.weather.Repository.JpaMemoRepositoryTest
14:16:17.144 [Test worker] DEBUG org.springframework.boot.test.context.SpringBootTestContextBootstrapper - Using TestExecutionListeners for test class [JpaMemoRepositoryTest]: [ServletTestExecutionListener, DirtiesContextBeforeModesTestExecutionListener, ApplicationEventsTestExecutionListener, MockitoTestExecutionListener, DependencyInjectionTestExecutionListener, DirtiesContextTestExecutionListener, TransactionalTestExecutionListener, SqlScriptsTestExecutionListener, EventPublishingTestExecutionListener, RestDocsTestExecutionListener, MockRestServiceServerResetTestExecutionListener, MockMvcPrintOnlyOnFailureTestExecutionListener, WebDriverTestExecutionListener, MockWebServiceServerTestExecutionListener, ResetMocksTestExecutionListener]
14:16:17.170 [Test worker] DEBUG org.springframework.test.context.support.AbstractDirtiesContextTestExecutionListener - Before test class: class [JpaMemoRepositoryTest], class annotated with @DirtiesContext [false] with mode [null]

  .   ____          _            __ _ _
 /\\ / ___'_ __ _ _(_)_ __  __ _ \ \ \ \
( ( )\___ | '_ | '_| | '_ \/ _` | \ \ \ \
 \\/  ___)| |_)| | | | | || (_| |  ) ) ) )
  '  |____| .__|_| |_|_| |_\__, | / / / /
 =========|_|==============|___/=/_/_/_/
 :: Spring Boot ::                (v3.0.4)

2023-03-16T14:16:21.094+09:00  INFO 18708 --- [    Test worker] z.w.Repository.JpaMemoRepositoryTest     : Starting JpaMemoRepositoryTest using Java 17.0.6 with PID 18708 (started by com in C:\dev\weather\weather)
2023-03-16T14:16:21.102+09:00  INFO 18708 --- [    Test worker] z.w.Repository.JpaMemoRepositoryTest     : No active profile set, falling back to 1 default profile: "default"
2023-03-16T14:16:27.327+09:00  INFO 18708 --- [    Test worker] .s.d.r.c.RepositoryConfigurationDelegate : Bootstrapping Spring Data JPA repositories in DEFAULT mode.
2023-03-16T14:16:27.715+09:00  INFO 18708 --- [    Test worker] .s.d.r.c.RepositoryConfigurationDelegate : Finished Spring Data repository scanning in 331 ms. Found 1 JPA repository interfaces.
2023-03-16T14:16:31.596+09:00  INFO 18708 --- [    Test worker] com.zaxxer.hikari.HikariDataSource       : HikariPool-1 - Starting...
2023-03-16T14:16:32.453+09:00  INFO 18708 --- [    Test worker] com.zaxxer.hikari.pool.HikariPool        : HikariPool-1 - Added connection com.mysql.cj.jdbc.ConnectionImpl@1cbc1dde
2023-03-16T14:16:32.463+09:00  INFO 18708 --- [    Test worker] com.zaxxer.hikari.HikariDataSource       : HikariPool-1 - Start completed.
2023-03-16T14:16:32.694+09:00  INFO 18708 --- [    Test worker] o.hibernate.jpa.internal.util.LogHelper  : HHH000204: Processing PersistenceUnitInfo [name: default]
2023-03-16T14:16:33.213+09:00  INFO 18708 --- [    Test worker] org.hibernate.Version                    : HHH000412: Hibernate ORM core version 6.1.7.Final
2023-03-16T14:16:35.232+09:00  INFO 18708 --- [    Test worker] SQL dialect                              : HHH000400: Using dialect: org.hibernate.dialect.MySQL57Dialect
2023-03-16T14:16:35.240+09:00  WARN 18708 --- [    Test worker] org.hibernate.orm.deprecation            : HHH90000026: MySQL57Dialect has been deprecated; use org.hibernate.dialect.MySQLDialect instead
2023-03-16T14:16:38.974+09:00  INFO 18708 --- [    Test worker] o.h.e.t.j.p.i.JtaPlatformInitiator       : HHH000490: Using JtaPlatform implementation: [org.hibernate.engine.transaction.jta.platform.internal.NoJtaPlatform]
2023-03-16T14:16:39.041+09:00  INFO 18708 --- [    Test worker] j.LocalContainerEntityManagerFactoryBean : Initialized JPA EntityManagerFactory for persistence unit 'default'
2023-03-16T14:16:39.793+09:00  WARN 18708 --- [    Test worker] JpaBaseConfiguration$JpaWebConfiguration : spring.jpa.open-in-view is enabled by default. Therefore, database queries may be performed during view rendering. Explicitly configure spring.jpa.open-in-view to disable this warning
2023-03-16T14:16:42.455+09:00  INFO 18708 --- [    Test worker] z.w.Repository.JpaMemoRepositoryTest     : Started JpaMemoRepositoryTest in 25.016 seconds (process running for 31.924)
Hibernate: select m1_0.id,m1_0.text from memo m1_0 where m1_0.id=?
Hibernate: insert into memo (text) values (?)
5
]]></system-out>
  <system-err><![CDATA[]]></system-err>
</testsuite>
